>all dl1:
>mou dl1:rmskit
>@dl1:rms11

AT. -- FILE NOT FOUND
@DL1:RMS11
>@dl1:[200,200]rms11
>;
>;  R M S 1 1 . C M D           VERSION 1.8
>;
>;  COPYRIGHT (C) 1979      DIGITAL EQUIPMENT CORP.
>;
>;  COMMAND FILE TO INSTALL RMS-11 ONTO AN RSX-11M USER SYSTEM.
>;
>;  YOU MUST BE LOGGED INTO A PRIVILEGED ACCT TO EXECUTE THIS CMD FILE.
>;
>;
>SET /UIC=[001,001]
>;
>* WHAT DEVICE IS YOUR DISTRIBUTION KIT MOUNTED ON (NO COLON) [S R:2-4]: dl1
>;
>; *** INVALID DEVICE MNEMONIC ENTERED ***
>;
>* WHAT DEVICE IS YOUR DISTRIBUTION KIT MOUNTED ON (NO COLON) [S R:2-4]: DL1
>;
>* WILL YOU BE USING THE RMS RESIDENT LIBRARY (RMSSEQ)? [Y/N]:y
>;
>;
>; THE RMS-11 DISTRIBUTION KIT CONTAINS THE RMS-11 UTILITY TASK IMAGES.
>; IT ALSO CONTAINS THE OLB, ODL AND CMD FILES REQUIRED TO RE-TASKBUILD
>; THE RMS-11 UTILITIES IF THE NEED SHOULD EVER ARISE (E.G., TO INCOR-
>; PORATE FUTURE PATCHES RELEASED BY THE RMS GROUP).  THESE FILES WILL
>; BE UNLOADED FROM THE DISTRIBUTION KIT ONTO YOUR SYSTEM DISK INTO
>; DIRECTORIES [001,020] AND [001,024] IF YOU ANSWER "YES" TO THE NEXT
>; QUESTION.  OTHERWISE, THEY WILL BE LEFT ON THE DISTRIBUTION KIT UNTIL
>; THEY ARE NEEDED ...
>;
>* DO YOU WANT THE RMS UTILITY TASKBUILD FILES ON YOUR SYSTEM DISK? [Y/N]:y
>;
>;
>; DELETE ALL OLD RMS-11 FILES THAT MAY EXIST ON YOUR SYSTEM DISK
>;
>PIP LB:[001,001]RMS11.ODL;*,MAKRMSODL.CMD;*/DE
PIP -- NO SUCH FILE(S)
LB:[001,001]RMS11.ODL;*
PIP -- NO SUCH FILE(S)
LB:[001,001]MAKRMSODL.CMD;*
>PIP LB:[001,001]RMS11R.ODL;*,RMS11S.ODL;*,RMS11X.ODL;*/DE
PIP -- NO SUCH FILE(S)
LB:[001,001]RMS11R.ODL;*
PIP -- NO SUCH FILE(S)
LB:[001,001]RMS11S.ODL;*
PIP -- NO SUCH FILE(S)
LB:[001,001]RMS11X.ODL;*
>PIP LB:[001,001]RMS12X.ODL;*,RMSRLX.ODL;*,RMSRLS.ODL;*/DE
PIP -- NO SUCH FILE(S)
LB:[001,001]RMS12X.ODL;*
PIP -- NO SUCH FILE(S)
LB:[001,001]RMSRLX.ODL;*
PIP -- NO SUCH FILE(S)
LB:[001,001]RMSRLS.ODL;*
>PIP LB:[001,001]RMSLIB.OLB;*,RMSFUN.OBJ;*,RMSMAC.MLB;*/DE
PIP -- NO SUCH FILE(S)
LB:[001,001]RMSLIB.OLB;*
PIP -- NO SUCH FILE(S)
LB:[001,001]RMSFUN.OBJ;*
PIP -- NO SUCH FILE(S)
LB:[001,001]RMSMAC.MLB;*
>;
>PIP LB:[001,001]RMSRES.*;*,RMSSEQ.*;*/DE
PIP -- NO SUCH FILE(S)
LB:[001,001]RMSRES.*;*
PIP -- NO SUCH FILE(S)
LB:[001,001]RMSSEQ.*;*
>;
>PIP SY:[001,020]RMSUTL.OLB;*,RMSIFL.OLB;*/DE
PIP -- NO SUCH FILE(S)
SY:[001,020]RMSUTL.OLB;*
PIP -- NO SUCH FILE(S)
SY:[001,020]RMSIFL.OLB;*
>PIP SY:[001,020]BCKBLD.ODL;*,RSTBLD.ODL;*,CNVBLD.ODL;*,DSPBLD.ODL;*/DE
PIP -- NO SUCH FILE(S)
SY:[001,020]BCKBLD.ODL;*
PIP -- NO SUCH FILE(S)
SY:[001,020]RSTBLD.ODL;*
PIP -- NO SUCH FILE(S)
SY:[001,020]CNVBLD.ODL;*
PIP -- NO SUCH FILE(S)
SY:[001,020]DSPBLD.ODL;*
>PIP SY:[001,020]DEFBLD.ODL;*,DFNBLD.ODL;*,IFLBLD.ODL;*/DE
PIP -- NO SUCH FILE(S)
SY:[001,020]DEFBLD.ODL;*
PIP -- NO SUCH FILE(S)
SY:[001,020]DFNBLD.ODL;*
PIP -- NO SUCH FILE(S)
SY:[001,020]IFLBLD.ODL;*
>PIP SY:[001,020]RMSODL.ODL;*,RMSCNV.ODL;*,IFLRSX.ODL;*,RMSUTL.ODL;*/DE
PIP -- NO SUCH FILE(S)
SY:[001,020]RMSODL.ODL;*
PIP -- NO SUCH FILE(S)
SY:[001,020]RMSCNV.ODL;*
PIP -- NO SUCH FILE(S)
SY:[001,020]IFLRSX.ODL;*
PIP -- NO SUCH FILE(S)
SY:[001,020]RMSUTL.ODL;*
>PIP SY:[001,020]RMSRES.ODL;*,RMSSEQ.ODL;*/DE
PIP -- NO SUCH FILE(S)
SY:[001,020]RMSRES.ODL;*
PIP -- NO SUCH FILE(S)
SY:[001,020]RMSSEQ.ODL;*
>;
>PIP SY:[001,024]BCKBLD.CMD;*,RSTBLD.CMD;*,CNVBLD.CMD;*,DSPBLD.CMD;*/DE
PIP -- NO SUCH FILE(S)
SY:[001,024]BCKBLD.CMD;*
PIP -- NO SUCH FILE(S)
SY:[001,024]RSTBLD.CMD;*
PIP -- NO SUCH FILE(S)
SY:[001,024]CNVBLD.CMD;*
PIP -- NO SUCH FILE(S)
SY:[001,024]DSPBLD.CMD;*
>PIP SY:[001,024]DEFBLD.CMD;*,DFNBLD.CMD;*,IFLBLD.CMD;*/DE
PIP -- NO SUCH FILE(S)
SY:[001,024]DEFBLD.CMD;*
PIP -- NO SUCH FILE(S)
SY:[001,024]DFNBLD.CMD;*
PIP -- NO SUCH FILE(S)
SY:[001,024]IFLBLD.CMD;*
>PIP SY:[001,024]RMSRES.CMD;*,RMSSEQ.CMD;*/DE
PIP -- NO SUCH FILE(S)
SY:[001,024]RMSRES.CMD;*
PIP -- NO SUCH FILE(S)
SY:[001,024]RMSSEQ.CMD;*
>;
>; REMOVE THE OLD RMS-11 UTILITIES
>;
>REM ...BCK
REM -- TASK NOT IN SYSTEM
>REM ...RST
REM -- TASK NOT IN SYSTEM
>REM ...DSP
REM -- TASK NOT IN SYSTEM
>REM ...DFN
REM -- TASK NOT IN SYSTEM
>REM ...DEF
REM -- TASK NOT IN SYSTEM
>REM ...CNV
REM -- TASK NOT IN SYSTEM
>REM ...IFL
REM -- TASK NOT IN SYSTEM
>;
>; DELETE THE OLD RMS-11 UTILITY TASK IMAGES
>;
>PIP LB:[1,54]RMSBCK.TSK;*/DE
PIP -- NO SUCH FILE(S)
LB:[1,54]RMSBCK.TSK;*
>PIP LB:[1,54]RMSRST.TSK;*/DE
PIP -- NO SUCH FILE(S)
LB:[1,54]RMSRST.TSK;*
>PIP LB:[1,54]RMSDSP.TSK;*/DE
PIP -- NO SUCH FILE(S)
LB:[1,54]RMSDSP.TSK;*
>PIP LB:[1,54]RMSDFN.TSK;*/DE
PIP -- NO SUCH FILE(S)
LB:[1,54]RMSDFN.TSK;*
>PIP LB:[1,54]RMSDEF.TSK;*/DE
PIP -- NO SUCH FILE(S)
LB:[1,54]RMSDEF.TSK;*
>PIP LB:[1,54]RMSCNV.TSK;*/DE
PIP -- NO SUCH FILE(S)
LB:[1,54]RMSCNV.TSK;*
>PIP LB:[1,54]RMSIFL.TSK;*/DE
PIP -- NO SUCH FILE(S)
LB:[1,54]RMSIFL.TSK;*
>;
>; UNLOAD THE NECESSARY RMS-11 FILES FROM THE DISTRIBUTION KIT
>;
>PIP LB:[001,001] = DL1:[001,001]*.ODL,*.CMD,*.MLB,*.OLB,*.OBJ
>PIP LB:[001,001] = DL1:[001,001]RMSSEQ.TSK,RMSSEQ.STB
>PIP LB:[1,54] = DL1:[001,054]*.TSK
>PIP SY:[001,020] = DL1:[001,020]*.*
>PIP SY:[001,024] = DL1:[001,024]*.*
>;
>; REPLACE THE TOP-LEVEL RMS-11 MODULES IN SYSLIB
>;
>LBR LB:[001,001]SYSLIB/RP = LB:[001,001]RMSFUN.OBJ
MODULE "R0OPEN" REPLACED

MODULE "R0CREA" REPLACED

MODULE "R0CLOS" REPLACED

MODULE "R0CONN" REPLACED

MODULE "R0DISC" REPLACED

MODULE "R0GET " REPLACED

MODULE "R0PUT " REPLACED

MODULE "R0FIND" REPLACED

MODULE "R0UPDA" REPLACED

MODULE "R0DELE" REPLACED

MODULE "R0RWBL" REPLACED

MODULE "R0ERAS" REPLACED

MODULE "R0EXTE" REPLACED

MODULE "R0DISP" REPLACED

MODULE "R0REWI" REPLACED

MODULE "R0TRUN" REPLACED

MODULE "R0FBDB" REPLACED

MODULE "R0WAIT" REPLACED

MODULE "R0INIT" REPLACED

>;
>; MAKE THE RMS-11 UTILITY TASK IMAGES CONTIGUOUS
>;
>PIP LB:[1,54]/CO/NV = LB:[1,54]RMSBCK.TSK
>PIP LB:[1,54]RMSBCK.TSK/PU
>PIP LB:[1,54]/CO/NV = LB:[1,54]RMSRST.TSK
>PIP LB:[1,54]RMSRST.TSK/PU
>PIP LB:[1,54]/CO/NV = LB:[1,54]RMSDEF.TSK
>PIP LB:[1,54]RMSDEF.TSK/PU
>PIP LB:[1,54]/CO/NV = LB:[1,54]RMSDFN.TSK
>PIP LB:[1,54]RMSDFN.TSK/PU
>PIP LB:[1,54]/CO/NV = LB:[1,54]RMSCNV.TSK
>PIP LB:[1,54]RMSCNV.TSK/PU
>PIP LB:[1,54]/CO/NV = LB:[1,54]RMSDSP.TSK
>PIP LB:[1,54]RMSDSP.TSK/PU
>;
>; INSTALL THE RMS-11 UTILITIES
>;
>; THE FOLLOWING INSTALL COMMANDS SHOULD BE INCLUDED IN YOUR
>; SYSTEM STARTUP FILE TO INSURE THE AVAILABLITY OF THE
>; UTILITIES AFTER A SYSTEM BOOTSTRAP.
>;
>INS LB:[1,54]RMSBCK
>INS LB:[1,54]RMSRST
>INS LB:[1,54]RMSDSP
>INS LB:[1,54]RMSDFN
>INS LB:[1,54]RMSDEF
>INS LB:[1,54]RMSCNV
>;
>;
>; THE RMS-11 RESIDENT LIBRARY HAS ALREADY BEEN LOADED ONTO YOUR
>;  LIBRARY DEVICE IN [001,001] BUT IT IS NOT CONTIGUOUS,  SO ...
>;
>PIP LB:[001,001]/CO/NV = LB:[001,001]RMSSEQ.TSK
>PIP LB:[001,001]RMSSEQ.TSK/PU
>;
>;
>; -------------  INSTALL THE RMS RESIDENT LIBRARY  --------------
>;
>; RMS RESIDENT LIBRARY SHOULD BE INSTALLED BY THE SYSTEM MANAGER.
>; REFER TO CHAPTER 8 OF THE RMS-11 USERS GUIDE FOR HELP ON
>; INSTALLING THE RMS RESIDENT LIBRARY.
>;
>; ---------------------------------------------------------------
>;
>;
>SET /UIC=[1,20]
>;
>;
>; *** RMS-11 SYSTEM INSTALLATION (VERSION 1.8) IS NOW COMPLETE ***
>;
>;
>@ <EOF>
>dmo dl1:
DMO -- TT0:    DISMOUNTED FROM DL1:    *** FINAL DISMOUNT ***
>dea dm1:
>;;;;;;;;;;;;;;;;;;;;;;;;;;;;;;;;;;;;;;;;;;;;;;;;;;;;;;;;;;;;;;;;;;;;;
>ufd lb:[7,7]
>asn lb:=sy:
>set /uic=[7,7]
>pip =dl:[275,200]RMS.CMD,[275,20]RMS11.OBJ,R0INIT.OBJ
>@rms
>;
>;      RMS.CMD -- RMS Autopatch Command File for RSX-11M
>;
>* DO YOU WISH TO APPLY THE OPTIONAL R0INIT PATCH? [Y/N]:y
>LBR LB:[1,1]RMSLIB/RP=R0INIT.OBJ
MODULE "R0INIT" REPLACED

>LBR LB:[1,1]SYSLIB/RP=R0INIT.OBJ
MODULE "R0INIT" REPLACED

>LBR LB:[1,1]RMSLIB/RP=RMS11.OBJ
MODULE "R1NXBK" REPLACED

MODULE "R0DPYC" REPLACED

MODULE "R1GBLD" REPLACED

MODULE "R2FIND" REPLACED

>;
>; The RMS-11 (non-Indexed) Autopatch procedure is now complete.
>;
>@ <EOF>
>
>pip *.*;*/de/ld

THE FOLLOWING FILES HAVE BEEN DELETED:
DB0:[7,7]RMS.CMD;1
DB0:[7,7]RMS11.OBJ;1
DB0:[7,7]R0INIT.OBJ;1
>              
>;;; Rebuild the RMS Utilities and Shared Library
>tkb
TKB>@[1,24]bckbld
TKB>@[1,24]cnvbld
TKB>@[1,24]defbld
TKB>@[1,24]dfnbld
TKB>@[1,24]dspbld
TKB>@[1,24]rstbld
TKB>@[1,24]rmsseq
TKB>^Z
>pip /li


DIRECTORY DB0:[7,7]
8-APR-19 07:27

RMSBCK.TSK;1        167.    C  08-APR-19 07:18
RMSCNV.TSK;1        148.    C  08-APR-19 07:19
RMSDEF.TSK;1        142.    C  08-APR-19 07:20
RMSDFN.TSK;1        134.    C  08-APR-19 07:21
RMSDSP.TSK;1        151.    C  08-APR-19 07:22
RMSRST.TSK;1        183.    C  08-APR-19 07:23

TOTAL OF 925./925. BLOCKS IN 6. FILES



>pip [1,54]*.*/nv/re=*.tsk
PIP -- VERSION MUST BE EXPLICIT OR "*"
DB0:[7,7]*.TSK
>pip [1,54]*.*/nv/re=*.tsk;1
>pip [1,1]rmsseq.*;*/li


DIRECTORY DB0:[1,1]
8-APR-19 07:29

RMSSEQ.TSK;3        17.     C  08-APR-19 07:26
RMSSEQ.STB;1        2.         07-APR-19 19:29
RMSSEQ.TSK;2        17.     C  07-APR-19 19:30
RMSSEQ.MAP;1        13.        08-APR-19 07:26
RMSSEQ.STB;2        2.         08-APR-19 07:26

TOTAL OF 51./56. BLOCKS IN 5. FILES



>print [1,1]rmsseq.map
>set /uic=[1,54]
>pip [0,0]007007.dir;1/de
>ed2 sysvmr.cmd
    1           RSX11M
*"FCSRES"
   26           SET /MAIN=FCSRES:*:200:COM
*i 27
                SET /MAIN=RMSSEQ:*:400:COM
                ^Z
   27           SET /MAIN=GEN:*:*:SYS
*"FCSRES"
   29           INS [1,1]FCSRES ! INSTALL MEMORY RESIDENT FCS LIBRARY
*i 30
                INS [1,1]RMSSEQ ! INSTALL MEMORY RESIDENT RMS LIBRARY
                ^Z
   30           INS COT         ! INSTALL CO DRIVER TASK
*exit
DB0:[1,54]SYSVMR.CMD;3 69 lines
>ed2 [1,2]InstTasks.cmd
    1                   ; InstTasks.cmd install nonprivileged tasks
*"pse"
   17                   .IFNINS PSE ins $pse
*i 18
                        .IFNINS BCK ins $rmsbck
                        .IFNINS CNV ins $rmscnv
                        .IFNINS DEF ins $rmsdef
                        .IFNINS DFN ins $rmsdfn
                        .IFNINS DSP ins $rmsdsp
                        .IFNINS RST ins $rmsrst
                ^Z
   18                   .IFNINS SLP ins $slp
*exit
DB0:[1,2]INSTTASKS.CMD;15 27 lines
>
>pip rsx11m.sys/nv/co/bl:498.=rsx11m.tsk
>ins vmr
>vmr @sysvmr
VMR -- INSTALLED TASKS MAY NO LONGER FIT IN PARTITION
SET /TOP=DRVPAR:-*
POOL=1200:5776.:05776.
LDRPAR 117734 00120000 00002400 MAIN TASK
TTPAR  117404 00122400 00040000 MAIN TASK
DRVPAR 117060 00162400 00031300 MAIN SYS 
       117014 00162400 00002000 SUB  DRIVER - DB:
       116714 00164400 00002600 SUB  DRIVER - DD:
       116614 00167200 00001100 SUB  DRIVER - DK:
       116514 00170300 00002000 SUB  DRIVER - DL:
       116414 00172300 00002300 SUB  DRIVER - DM:
       116314 00174600 00001100 SUB  DRIVER - DT:
       116214 00175700 00002400 SUB  DRIVER - DY:
       116114 00200300 00001300 SUB  DRIVER - CR:
       116014 00201600 00000600 SUB  DRIVER - CT:
       115714 00202400 00001100 SUB  DRIVER - LP:
       115614 00203500 00004200 SUB  DRIVER - MM:
       115514 00207700 00000500 SUB  DRIVER - PP:
       115414 00210400 00000300 SUB  DRIVER - PR:
       115314 00210700 00003000 SUB  DRIVER - CO:
SYSPAR 115250 00213700 00010000 MAIN TASK
FCPPAR 115204 00223700 00050000 MAIN SYS 
FCSRES 115140 00273700 00020000 MAIN COM
RMSSEQ 115074 00313700 00040000 MAIN COM
GEN    115030 00353700 00424100 MAIN SYS 
...LDR 11D    117634 LDRPAR 248. 00002400 LB0:-00052707 FIXED
TKTN   03.95  111430 SYSPAR 248. 00010000 LB0:-00047057
...RMD V01    114030 GEN    225. 00040000 LB0:-00053744
F11MSG V0010A 113230 GEN    200. 00040000 LB0:-00053553
MTAACP 0010   113130 GEN    200. 00013500 LB0:-00053565
...DMO 23.00  113530 GEN    160. 00040000 LB0:-00046134
MCR... 02.01  112330 SYSPAR 160. 00010000 LB0:-00053145
...MOU 22.15  112030 GEN    160. 00040000 LB0:-00046716
...MCR 01     111530 GEN    160. 00020000 LB0:-00053171
F11ACP M0320  114730 FCPPAR 149. 00047500 LB0:-00053062
COT... 00.01  114630 GEN    145. 00040000 LB0:-00052762
PMD... 05     112530 GEN    140. 00020000 LB0:-00053674
SHF... 04     111630 SYSPAR 105. 00010000 LB0:-00054045
...INS 04     112630 GEN    100. 00040000 LB0:-00046471
...SAV 04.22  111730 GEN    100. 00040000 LB0:-00047006
...UFD V0410  111330 GEN    100. 00040000 LB0:-00047067
QMG... 01.04  114530 GEN     75. 00040000 LB0:-00053307
PRT... 01.01  114230 GEN     70. 00040000 LB0:-00053462
LPP0   1.06A  114130 GEN     70. 00040000 LB0:-00053466
...AT. 04.25  113030 GEN     65. 00040000 LB0:-00074337
...ERF 02     113430 GEN     61. 00040000 LB0:-00054254
...INI 20.01  112730 GEN     60. 00040000 LB0:-00046427
...QUE 1.0    114430 GEN     50. 00040000 LB0:-00053363
...PRI 1.0    114330 GEN     50. 00040000 LB0:-00053363
...ACS 01     113730 GEN     50. 00040000 LB0:-00047125
...BOO 03.4   113630 GEN     50. 00040000 LB0:-00046106
ERRLOG 02     113330 GEN     50. 00040000 LB0:-00054260
...LOA 03.3   112430 GEN     50. 00040000 LB0:-00046524
...HEL 02     112230 GEN     50. 00040000 LB0:-00054150
...BYE 02.5   112130 GEN     50. 00004000 LB0:-00054142
...UNL 02.8   111230 GEN     50. 00040000 LB0:-00047076
CR0:    LOADED
LP0:    LOADED
PP0:    LOADED
PR0:    LOADED
DB0:    LOADED
DB1:    LOADED
DB2:    LOADED
DB3:    LOADED
DB4:    LOADED
DB5:    LOADED
DB6:    LOADED
DB7:    LOADED
DD0:    LOADED
DD1:    LOADED
DK0:    LOADED
DK1:    LOADED
DK2:    LOADED
DK3:    LOADED
DK4:    LOADED
DK5:    LOADED
DK6:    LOADED
DK7:    LOADED
DL0:    LOADED
DL1:    LOADED
DL2:    LOADED
DL3:    LOADED
DM0:    LOADED
DM1:    LOADED
DM2:    LOADED
DM3:    LOADED
DM4:    LOADED
DM5:    LOADED
DM6:    LOADED
DM7:    LOADED
DT0:    LOADED
DT1:    LOADED
DT2:    LOADED
DT3:    LOADED
DT4:    LOADED
DT5:    LOADED
DT6:    LOADED
DT7:    LOADED
DY0:    LOADED
DY1:    LOADED
CT0:    LOADED
CT1:    LOADED
MM0:    LOADED
MM1:    LOADED
MM2:    LOADED
MM3:    LOADED
CO0:  TT0:
TT0:    LOADED
TT1:    LOADED
TT2:    LOADED
TT3:    LOADED
TT4:    LOADED
TT5:    LOADED
TT6:    LOADED
TT7:    LOADED
TT10:    LOADED
TT11:    LOADED
TT12:    LOADED
TT13:    LOADED
TT14:    LOADED
TT15:    LOADED
TT16:    LOADED
TT17:    LOADED
TT20:    LOADED
NL0:  
TI0:  
CL0:  TT0:
LB0:  DB0:
SY0:  DB0:
>boo rsx11m
XDT: 26

XDT>;g
RSX11M V3.2 BL26  


>SET /LOWER=TI:
>tim 8-apr-19 8:20
>set /nologon
>set /uic=[1,54]
>sav /wb

  RSX-11M V3.2 BL26   128K   MAPPED
>RED DB:=SY:
>RED DB:=LB:
>MOU DB:RSXM26PATCHE
>@DB:[1,2]STARTUP
>* Enter date and time ( dd-mmm-yy hh:mm ) [S]: 
>TIM 
08:20:56 08-APR-19
>; SetCOlog.cmd - hush most console messages
>set /logfile

AT. -- DELAYING

AT. -- CONTINUING
>set /nocoterm
>set /pub=db1:
>mou db1:USERDIRS
>ACS SY:/BLKS=512.
>; SetTTYs.cmd set terminal characteristics
>set /term=TT0:LA120
>set /buf=TT0:132.
>; InstTasks.cmd install nonprivileged tasks
>ins $bru
>ins $cmp
>ins $crf
>ins $dmp
>ins $dsc
>ins $edi
>ins $ed2
>ins $edt
>ins $flx
>ins $ftb
>ins $iox
>ins $lbr
>ins $bigmac
INS -- PARTITION PAR14K NOT IN SYSTEM, DEFAULTING TO GEN
>
>ins $pat
>ins $pip
>ins $pse
>ins $rmsbck
>ins $rmscnv
>ins $rmsdef
>ins $rmsdfn
>ins $rmsdsp
>ins $rmsrst
>ins $slp
>ins $sye
INS -- PARTITION PAR14K NOT IN SYSTEM, DEFAULTING TO GEN
>
>ins $bigtkb
INS -- PARTITION PAR14K NOT IN SYSTEM, DEFAULTING TO GEN
>
>ins $zap
>set /logon
>; QmgSetup.cmd - setup print queues
>que /start:qmg
>que lp:/spool/flag:1/form:0
>que lp:/assign:print
>@ <EOF>
>

ALL FURTHER LOGINS ARE DISABLEDP, 0   MINUTES BEFORE SHUTDOWN
>
HAVE A GOOD MORNING
08-APR-19 08:26 TT0:  LOGGED OFF
>
Disconnected from the PDP-11 simulator

